<?xml version="1.0" encoding="UTF-8"?>
<!-- Generated by org.testng.reporters.JUnitXMLReporter -->
<testsuite ignored="2" hostname="DESKTOP-BT7KMFQ" failures="0" tests="1" name="Default test" time="13.907" errors="0" timestamp="2022-08-03T21:31:31 IST">
  <testcase classname="com.bridgelab.selenium.VisibleInvisible" name="visibleLink_invisibleLink" time="8.812"/>
  <testcase classname="com.bridgelab.selenium.VisibleInvisible" name="webTable_Example" time="0.0">
    <ignored/>
  </testcase> <!-- webTable_Example -->
  <testcase classname="com.bridgelab.selenium.VisibleInvisible" name="student_Marks" time="0.0">
    <ignored/>
  </testcase> <!-- student_Marks -->
</testsuite> <!-- Default test -->
