<?xml version="1.0" encoding="UTF-8"?>
<!-- Generated by org.testng.reporters.JUnitXMLReporter -->
<testsuite ignored="7" hostname="DESKTOP-BT7KMFQ" failures="0" tests="1" name="Default test" time="9.132" errors="0" timestamp="2022-08-03T22:19:52 IST">
  <testcase classname="com.bridgelab.selenium.Handling_Window" name="autosuggestionEx_GoogleSearch" time="4.017"/>
  <testcase classname="com.bridgelab.selenium.Handling_Window" name="close_Parent_Window" time="0.0">
    <ignored/>
  </testcase> <!-- close_Parent_Window -->
  <testcase classname="com.bridgelab.selenium.Handling_Window" name="close_Any_Specific_Window" time="0.0">
    <ignored/>
  </testcase> <!-- close_Any_Specific_Window -->
  <testcase classname="com.bridgelab.selenium.Handling_Window" name="switching_Window" time="0.0">
    <ignored/>
  </testcase> <!-- switching_Window -->
  <testcase classname="com.bridgelab.selenium.Handling_Window" name="closeAllChildWindow" time="0.0">
    <ignored/>
  </testcase> <!-- closeAllChildWindow -->
  <testcase classname="com.bridgelab.selenium.Handling_Window" name="autoIT_Example" time="0.0">
    <ignored/>
  </testcase> <!-- autoIT_Example -->
  <testcase classname="com.bridgelab.selenium.Handling_Window" name="close_All_Window" time="0.0">
    <ignored/>
  </testcase> <!-- close_All_Window -->
  <testcase classname="com.bridgelab.selenium.Handling_Window" name="handleTabs_using_getWindowHandles" time="0.0">
    <ignored/>
  </testcase> <!-- handleTabs_using_getWindowHandles -->
</testsuite> <!-- Default test -->
