<?xml version="1.0" encoding="UTF-8"?>
<testng-results ignored="7" total="8" passed="1" failed="0" skipped="0">
  <reporter-output>
  </reporter-output>
  <suite started-at="2022-08-03T22:19:43 IST" name="Default suite" finished-at="2022-08-03T22:19:52 IST" duration-ms="9132">
    <groups>
    </groups>
    <test started-at="2022-08-03T22:19:43 IST" name="Default test" finished-at="2022-08-03T22:19:52 IST" duration-ms="9132">
      <class name="com.bridgelab.selenium.Handling_Window">
        <test-method is-config="true" signature="launch_Browser()[pri:0, instance:com.bridgelab.selenium.Handling_Window@5a56cdac]" started-at="2022-08-03T22:19:43 IST" name="launch_Browser" finished-at="2022-08-03T22:19:48 IST" duration-ms="5012" status="PASS">
          <reporter-output>
          </reporter-output>
        </test-method> <!-- launch_Browser -->
        <test-method signature="autosuggestionEx_GoogleSearch()[pri:0, instance:com.bridgelab.selenium.Handling_Window@5a56cdac]" started-at="2022-08-03T22:19:48 IST" name="autosuggestionEx_GoogleSearch" finished-at="2022-08-03T22:19:52 IST" duration-ms="4017" status="PASS">
          <reporter-output>
          </reporter-output>
        </test-method> <!-- autosuggestionEx_GoogleSearch -->
      </class> <!-- com.bridgelab.selenium.Handling_Window -->
    </test> <!-- Default test -->
  </suite> <!-- Default suite -->
</testng-results>
