<?xml version="1.0" encoding="UTF-8"?>
<testng-results ignored="2" total="3" passed="1" failed="0" skipped="0">
  <reporter-output>
  </reporter-output>
  <suite started-at="2022-08-03T21:31:17 IST" name="Default suite" finished-at="2022-08-03T21:31:31 IST" duration-ms="13907">
    <groups>
    </groups>
    <test started-at="2022-08-03T21:31:17 IST" name="Default test" finished-at="2022-08-03T21:31:31 IST" duration-ms="13907">
      <class name="com.bridgelab.selenium.VisibleInvisible">
        <test-method is-config="true" signature="launch_Browser()[pri:0, instance:com.bridgelab.selenium.VisibleInvisible@d5b810e]" started-at="2022-08-03T21:31:17 IST" name="launch_Browser" finished-at="2022-08-03T21:31:22 IST" duration-ms="5020" status="PASS">
          <reporter-output>
          </reporter-output>
        </test-method> <!-- launch_Browser -->
        <test-method signature="visibleLink_invisibleLink()[pri:0, instance:com.bridgelab.selenium.VisibleInvisible@d5b810e]" started-at="2022-08-03T21:31:22 IST" name="visibleLink_invisibleLink" finished-at="2022-08-03T21:31:31 IST" duration-ms="8812" status="PASS">
          <reporter-output>
          </reporter-output>
        </test-method> <!-- visibleLink_invisibleLink -->
      </class> <!-- com.bridgelab.selenium.VisibleInvisible -->
    </test> <!-- Default test -->
  </suite> <!-- Default suite -->
</testng-results>
